<?xml version="1.0" encoding="UTF-8"?>
<testsuite name="com.betrybe.acc.java.bankaccount.AccountNumberFormatterTest" tests="3" skipped="0" failures="0" errors="0" timestamp="2022-05-13T02:30:06" hostname="kamila-desktop" time="0.072">
  <properties/>
  <testcase name="3 - Formata número de conta MENOR que 6 digitos." classname="com.betrybe.acc.java.bankaccount.AccountNumberFormatterTest" time="0.01"/>
  <testcase name="5 - Formata número de conta IGUAL a 6 digitos." classname="com.betrybe.acc.java.bankaccount.AccountNumberFormatterTest" time="0.018"/>
  <testcase name="4 - Formata número de conta MAIOR que 6 digitos." classname="com.betrybe.acc.java.bankaccount.AccountNumberFormatterTest" time="0.013"/>
  <system-out><![CDATA[]]></system-out>
  <system-err><![CDATA[]]></system-err>
</testsuite>
